<?xml version="1.0" encoding="utf-8"?><testsuites name="pytest tests"><testsuite name="pytest" errors="0" failures="0" skipped="0" tests="17" time="0.575" timestamp="2026-06-28T02:35:42.759537+00:00" hostname="921401f3e011"><testcase classname="tests.test_dashboard_auth" name="test_dashboard_and_analytics_routes_not_exposed[/dashboard]" time="0.003" /><testcase classname="tests.test_dashboard_auth" name="test_dashboard_and_analytics_routes_not_exposed[/central]" time="0.003" /><testcase classname="tests.test_dashboard_auth" name="test_dashboard_and_analytics_routes_not_exposed[/api/analytics/ip-geo]" time="0.002" /><testcase classname="tests.test_dashboard_auth" name="test_dashboard_and_analytics_routes_not_exposed[/api/analytics/summary]" time="0.002" /><testcase classname="tests.test_dashboard_auth" name="test_dashboard_and_analytics_routes_not_exposed[/api/analytics/requests]" time="0.002" /><testcase classname="tests.test_dashboard_auth" name="test_dashboard_and_analytics_routes_not_exposed[/api/analytics/errors]" time="0.002" /><testcase classname="tests.test_dashboard_auth" name="test_dashboard_and_analytics_routes_not_exposed[/dashboard/ip-modal/00000000-0000-0000-0000-000000000000]" time="0.003" /><testcase classname="tests.test_dashboard_auth" name="test_dashboard_and_analytics_post_routes_not_exposed" time="0.003" /><testcase classname="tests.test_forms_smoke" name="test_forms_schema_render_and_validation_smoke[layouts]" time="0.020" /><testcase classname="tests.test_forms_smoke" name="test_forms_schema_render_and_validation_smoke[login]" time="0.011" /><testcase classname="tests.test_forms_smoke" name="test_forms_schema_render_and_validation_smoke[organization]" time="0.047" /><testcase classname="tests.test_forms_smoke" name="test_forms_schema_render_and_validation_smoke[organization-shared]" time="0.033" /><testcase classname="tests.test_forms_smoke" name="test_forms_schema_render_and_validation_smoke[pets]" time="0.013" /><testcase classname="tests.test_forms_smoke" name="test_forms_schema_render_and_validation_smoke[register]" time="0.010" /><testcase classname="tests.test_forms_smoke" name="test_forms_schema_render_and_validation_smoke[showcase]" time="0.017" /><testcase classname="tests.test_forms_smoke" name="test_dual_use_contact_api_smoke" time="0.005" /><testcase classname="tests.test_forms_smoke" name="test_dual_use_feedback_api_smoke" time="0.006" /></testsuite></testsuites>