<?xml version="1.0" encoding="utf-8"?><testsuites name="pytest tests"><testsuite name="pytest" errors="0" failures="4" skipped="0" tests="13" time="0.623" timestamp="2026-06-28T02:35:26.573380+00:00" hostname="921401f3e011"><testcase classname="tests.test_dashboard_auth" name="test_dashboard_fail_closed_when_token_missing" time="0.003"><failure message="assert 404 == 503&#10; +  where 404 = &lt;Response [404 Not Found]&gt;.status_code">tests/test_dashboard_auth.py:20: in test_dashboard_fail_closed_when_token_missing
    assert resp.status_code == 503
E   assert 404 == 503
E    +  where 404 = &lt;Response [404 Not Found]&gt;.status_code</failure></testcase><testcase classname="tests.test_dashboard_auth" name="test_dashboard_requires_token_when_configured" time="0.002"><failure message="assert 404 == 401&#10; +  where 404 = &lt;Response [404 Not Found]&gt;.status_code">tests/test_dashboard_auth.py:50: in test_dashboard_requires_token_when_configured
    assert resp.status_code == 401
E   assert 404 == 401
E    +  where 404 = &lt;Response [404 Not Found]&gt;.status_code</failure></testcase><testcase classname="tests.test_dashboard_auth" name="test_dashboard_token_query_sets_cookie" time="0.002"><failure message="assert 404 == 303&#10; +  where 404 = &lt;Response [404 Not Found]&gt;.status_code">tests/test_dashboard_auth.py:79: in test_dashboard_token_query_sets_cookie
    assert resp.status_code == 303
E   assert 404 == 303
E    +  where 404 = &lt;Response [404 Not Found]&gt;.status_code</failure></testcase><testcase classname="tests.test_dashboard_auth" name="test_dashboard_token_header_allows_api" time="0.002"><failure message="assert 404 == 200&#10; +  where 404 = &lt;Response [404 Not Found]&gt;.status_code">tests/test_dashboard_auth.py:92: in test_dashboard_token_header_allows_api
    assert resp.status_code == 200
E   assert 404 == 200
E    +  where 404 = &lt;Response [404 Not Found]&gt;.status_code</failure></testcase><testcase classname="tests.test_forms_smoke" name="test_forms_schema_render_and_validation_smoke[layouts]" time="0.026" /><testcase classname="tests.test_forms_smoke" name="test_forms_schema_render_and_validation_smoke[login]" time="0.010" /><testcase classname="tests.test_forms_smoke" name="test_forms_schema_render_and_validation_smoke[organization]" time="0.047" /><testcase classname="tests.test_forms_smoke" name="test_forms_schema_render_and_validation_smoke[organization-shared]" time="0.032" /><testcase classname="tests.test_forms_smoke" name="test_forms_schema_render_and_validation_smoke[pets]" time="0.013" /><testcase classname="tests.test_forms_smoke" name="test_forms_schema_render_and_validation_smoke[register]" time="0.010" /><testcase classname="tests.test_forms_smoke" name="test_forms_schema_render_and_validation_smoke[showcase]" time="0.018" /><testcase classname="tests.test_forms_smoke" name="test_dual_use_contact_api_smoke" time="0.005" /><testcase classname="tests.test_forms_smoke" name="test_dual_use_feedback_api_smoke" time="0.005" /></testsuite></testsuites>